<?xml version="1.0" encoding="UTF-8"?>
<testsuite name="springboot.web.dto.HelloResponseDtoTest" tests="1" skipped="0" failures="0" errors="0" timestamp="2021-01-23T13:38:35" hostname="gugseunghyeon-ui-MacBookPro.local" time="0.002">
  <properties/>
  <testcase name="롬복_기능_테스트" classname="springboot.web.dto.HelloResponseDtoTest" time="0.002"/>
  <system-out><![CDATA[]]></system-out>
  <system-err><![CDATA[]]></system-err>
</testsuite>
