<?xml version="1.0" encoding="UTF-8"?>
<testsuite name="springboot.domain.posts.PostsRepositoryTest" tests="2" skipped="0" failures="0" errors="0" timestamp="2021-01-23T13:38:41" hostname="gugseunghyeon-ui-MacBookPro.local" time="0.028">
  <properties/>
  <testcase name="게시글저장_불러오기" classname="springboot.domain.posts.PostsRepositoryTest" time="0.019"/>
  <testcase name="BaseTimeEntity_등록" classname="springboot.domain.posts.PostsRepositoryTest" time="0.009"/>
  <system-out><![CDATA[2021-01-23 22:38:40.992  INFO 2674 --- [    Test worker] .b.t.c.SpringBootTestContextBootstrapper : Neither @ContextConfiguration nor @ContextHierarchy found for test class [springboot.domain.posts.PostsRepositoryTest], using SpringBootContextLoader
2021-01-23 22:38:40.992  INFO 2674 --- [    Test worker] o.s.t.c.support.AbstractContextLoader    : Could not detect default resource locations for test class [springboot.domain.posts.PostsRepositoryTest]: no resource found for suffixes {-context.xml, Context.groovy}.
2021-01-23 22:38:40.993  INFO 2674 --- [    Test worker] t.c.s.AnnotationConfigContextLoaderUtils : Could not detect default configuration classes for test class [springboot.domain.posts.PostsRepositoryTest]: PostsRepositoryTest does not declare any static, non-private, non-final, nested classes annotated with @Configuration.
2021-01-23 22:38:40.998  INFO 2674 --- [    Test worker] .b.t.c.SpringBootTestContextBootstrapper : Found @SpringBootConfiguration springboot.Application for test class springboot.domain.posts.PostsRepositoryTest
2021-01-23 22:38:40.999  INFO 2674 --- [    Test worker] .b.t.c.SpringBootTestContextBootstrapper : Loaded default TestExecutionListener class names from location [META-INF/spring.factories]: [org.springframework.boot.test.autoconfigure.restdocs.RestDocsTestExecutionListener, org.springframework.boot.test.autoconfigure.web.client.MockRestServiceServerResetTestExecutionListener, org.springframework.boot.test.autoconfigure.web.servlet.MockMvcPrintOnlyOnFailureTestExecutionListener, org.springframework.boot.test.autoconfigure.web.servlet.WebDriverTestExecutionListener, org.springframework.boot.test.mock.mockito.MockitoTestExecutionListener, org.springframework.boot.test.mock.mockito.ResetMocksTestExecutionListener, org.springframework.test.context.web.ServletTestExecutionListener, org.springframework.test.context.support.DirtiesContextBeforeModesTestExecutionListener, org.springframework.test.context.support.DependencyInjectionTestExecutionListener, org.springframework.test.context.support.DirtiesContextTestExecutionListener, org.springframework.test.context.transaction.TransactionalTestExecutionListener, org.springframework.test.context.jdbc.SqlScriptsTestExecutionListener]
2021-01-23 22:38:41.000  INFO 2674 --- [    Test worker] .b.t.c.SpringBootTestContextBootstrapper : Using TestExecutionListeners: [org.springframework.test.context.web.ServletTestExecutionListener@7f7611b, org.springframework.test.context.support.DirtiesContextBeforeModesTestExecutionListener@6cac6827, org.springframework.boot.test.mock.mockito.MockitoTestExecutionListener@b09d312, org.springframework.boot.test.autoconfigure.SpringBootDependencyInjectionTestExecutionListener@13e5ef2f, org.springframework.test.context.support.DirtiesContextTestExecutionListener@2f26abf1, org.springframework.test.context.transaction.TransactionalTestExecutionListener@20441362, org.springframework.test.context.jdbc.SqlScriptsTestExecutionListener@6510d53b, org.springframework.boot.test.autoconfigure.restdocs.RestDocsTestExecutionListener@59b0d221, org.springframework.boot.test.autoconfigure.web.client.MockRestServiceServerResetTestExecutionListener@43d383c5, org.springframework.boot.test.autoconfigure.web.servlet.MockMvcPrintOnlyOnFailureTestExecutionListener@438c57de, org.springframework.boot.test.autoconfigure.web.servlet.WebDriverTestExecutionListener@20d6fb99, org.springframework.boot.test.mock.mockito.ResetMocksTestExecutionListener@7f280478]

  .   ____          _            __ _ _
 /\\ / ___'_ __ _ _(_)_ __  __ _ \ \ \ \
( ( )\___ | '_ | '_| | '_ \/ _` | \ \ \ \
 \\/  ___)| |_)| | | | | || (_| |  ) ) ) )
  '  |____| .__|_| |_|_| |_\__, | / / / /
 =========|_|==============|___/=/_/_/_/
 :: Spring Boot ::        (v2.1.7.RELEASE)

2021-01-23 22:38:41.013  INFO 2674 --- [    Test worker] s.domain.posts.PostsRepositoryTest       : Starting PostsRepositoryTest on gugseunghyeon-ui-MacBookPro.local with PID 2674 (started by cooks in /Users/cooks/IdeaProjects/springboot)
2021-01-23 22:38:41.013  INFO 2674 --- [    Test worker] s.domain.posts.PostsRepositoryTest       : No active profile set, falling back to default profiles: default
2021-01-23 22:38:41.108  INFO 2674 --- [    Test worker] .s.d.r.c.RepositoryConfigurationDelegate : Bootstrapping Spring Data repositories in DEFAULT mode.
2021-01-23 22:38:41.117  INFO 2674 --- [    Test worker] .s.d.r.c.RepositoryConfigurationDelegate : Finished Spring Data repository scanning in 9ms. Found 1 repository interfaces.
2021-01-23 22:38:41.181  INFO 2674 --- [    Test worker] trationDelegate$BeanPostProcessorChecker : Bean 'org.springframework.transaction.annotation.ProxyTransactionManagementConfiguration' of type [org.springframework.transaction.annotation.ProxyTransactionManagementConfiguration$$EnhancerBySpringCGLIB$$df483bb5] is not eligible for getting processed by all BeanPostProcessors (for example: not eligible for auto-proxying)
2021-01-23 22:38:41.254  INFO 2674 --- [    Test worker] com.zaxxer.hikari.HikariDataSource       : HikariPool-2 - Starting...
2021-01-23 22:38:41.255  INFO 2674 --- [    Test worker] com.zaxxer.hikari.HikariDataSource       : HikariPool-2 - Start completed.
2021-01-23 22:38:41.276  INFO 2674 --- [    Test worker] o.hibernate.jpa.internal.util.LogHelper  : HHH000204: Processing PersistenceUnitInfo [
	name: default
	...]
2021-01-23 22:38:41.281  INFO 2674 --- [    Test worker] org.hibernate.dialect.Dialect            : HHH000400: Using dialect: org.hibernate.dialect.MySQL5InnoDBDialect
Hibernate: drop table if exists posts
Hibernate: create table posts (id bigint not null auto_increment, created_date datetime, modified_date datetime, author varchar(255), content TEXT not null, title varchar(500) not null, primary key (id)) engine=InnoDB
2021-01-23 22:38:41.309  INFO 2674 --- [    Test worker] o.h.t.schema.internal.SchemaCreatorImpl  : HHH000476: Executing import script 'org.hibernate.tool.schema.internal.exec.ScriptSourceInputNonExistentImpl@5c9e2153'
2021-01-23 22:38:41.309  INFO 2674 --- [    Test worker] j.LocalContainerEntityManagerFactoryBean : Initialized JPA EntityManagerFactory for persistence unit 'default'
2021-01-23 22:38:41.349  INFO 2674 --- [    Test worker] o.h.h.i.QueryTranslatorFactoryInitiator  : HHH000397: Using ASTQueryTranslatorFactory
2021-01-23 22:38:41.584  INFO 2674 --- [    Test worker] o.s.s.concurrent.ThreadPoolTaskExecutor  : Initializing ExecutorService 'applicationTaskExecutor'
2021-01-23 22:38:41.598  WARN 2674 --- [    Test worker] aWebConfiguration$JpaWebMvcConfiguration : spring.jpa.open-in-view is enabled by default. Therefore, database queries may be performed during view rendering. Explicitly configure spring.jpa.open-in-view to disable this warning
2021-01-23 22:38:41.636  INFO 2674 --- [    Test worker] o.s.b.a.w.s.WelcomePageHandlerMapping    : Adding welcome page template: index
2021-01-23 22:38:41.857  INFO 2674 --- [    Test worker] s.domain.posts.PostsRepositoryTest       : Started PostsRepositoryTest in 0.856 seconds (JVM running for 18.082)
Hibernate: insert into posts (created_date, modified_date, author, content, title) values (?, ?, ?, ?, ?)
Hibernate: select posts0_.id as id1_0_, posts0_.created_date as created_2_0_, posts0_.modified_date as modified3_0_, posts0_.author as author4_0_, posts0_.content as content5_0_, posts0_.title as title6_0_ from posts posts0_
Hibernate: select posts0_.id as id1_0_, posts0_.created_date as created_2_0_, posts0_.modified_date as modified3_0_, posts0_.author as author4_0_, posts0_.content as content5_0_, posts0_.title as title6_0_ from posts posts0_
Hibernate: delete from posts where id=?
Hibernate: insert into posts (created_date, modified_date, author, content, title) values (?, ?, ?, ?, ?)
Hibernate: select posts0_.id as id1_0_, posts0_.created_date as created_2_0_, posts0_.modified_date as modified3_0_, posts0_.author as author4_0_, posts0_.content as content5_0_, posts0_.title as title6_0_ from posts posts0_
>>>>>>>> createDate=2021-01-23T22:38:41.885460, modifiedDate=2021-01-23T22:38:41.885460
Hibernate: select posts0_.id as id1_0_, posts0_.created_date as created_2_0_, posts0_.modified_date as modified3_0_, posts0_.author as author4_0_, posts0_.content as content5_0_, posts0_.title as title6_0_ from posts posts0_
Hibernate: delete from posts where id=?
]]></system-out>
  <system-err><![CDATA[]]></system-err>
</testsuite>
