<?xml version="1.0" encoding="UTF-8"?>
<testsuite name="springboot.web.PostsApiControllerTest" tests="1" skipped="0" failures="0" errors="0" timestamp="2021-01-06T07:49:07" hostname="국승현-PC" time="0.504">
  <properties/>
  <testcase name="Posts_등록된다" classname="springboot.web.PostsApiControllerTest" time="0.504"/>
  <system-out><![CDATA[16:49:03.282 [Test worker] DEBUG org.springframework.test.context.junit4.SpringJUnit4ClassRunner - SpringJUnit4ClassRunner constructor called with [class springboot.web.PostsApiControllerTest]
16:49:03.289 [Test worker] DEBUG org.springframework.test.context.BootstrapUtils - Instantiating CacheAwareContextLoaderDelegate from class [org.springframework.test.context.cache.DefaultCacheAwareContextLoaderDelegate]
16:49:03.297 [Test worker] DEBUG org.springframework.test.context.BootstrapUtils - Instantiating BootstrapContext using constructor [public org.springframework.test.context.support.DefaultBootstrapContext(java.lang.Class,org.springframework.test.context.CacheAwareContextLoaderDelegate)]
16:49:03.311 [Test worker] DEBUG org.springframework.test.context.BootstrapUtils - Instantiating TestContextBootstrapper for test class [springboot.web.PostsApiControllerTest] from class [org.springframework.boot.test.context.SpringBootTestContextBootstrapper]
16:49:03.320 [Test worker] INFO org.springframework.boot.test.context.SpringBootTestContextBootstrapper - Neither @ContextConfiguration nor @ContextHierarchy found for test class [springboot.web.PostsApiControllerTest], using SpringBootContextLoader
16:49:03.322 [Test worker] DEBUG org.springframework.test.context.support.AbstractContextLoader - Did not detect default resource location for test class [springboot.web.PostsApiControllerTest]: class path resource [springboot/web/PostsApiControllerTest-context.xml] does not exist
16:49:03.323 [Test worker] DEBUG org.springframework.test.context.support.AbstractContextLoader - Did not detect default resource location for test class [springboot.web.PostsApiControllerTest]: class path resource [springboot/web/PostsApiControllerTestContext.groovy] does not exist
16:49:03.323 [Test worker] INFO org.springframework.test.context.support.AbstractContextLoader - Could not detect default resource locations for test class [springboot.web.PostsApiControllerTest]: no resource found for suffixes {-context.xml, Context.groovy}.
16:49:03.324 [Test worker] INFO org.springframework.test.context.support.AnnotationConfigContextLoaderUtils - Could not detect default configuration classes for test class [springboot.web.PostsApiControllerTest]: PostsApiControllerTest does not declare any static, non-private, non-final, nested classes annotated with @Configuration.
16:49:03.359 [Test worker] DEBUG org.springframework.test.context.support.ActiveProfilesUtils - Could not find an 'annotation declaring class' for annotation type [org.springframework.test.context.ActiveProfiles] and class [springboot.web.PostsApiControllerTest]
16:49:03.429 [Test worker] DEBUG org.springframework.context.annotation.ClassPathScanningCandidateComponentProvider - Identified candidate component class: file [D:\test\build\classes\java\main\springboot\Application.class]
16:49:03.430 [Test worker] INFO org.springframework.boot.test.context.SpringBootTestContextBootstrapper - Found @SpringBootConfiguration springboot.Application for test class springboot.web.PostsApiControllerTest
16:49:03.507 [Test worker] DEBUG org.springframework.boot.test.context.SpringBootTestContextBootstrapper - @TestExecutionListeners is not present for class [springboot.web.PostsApiControllerTest]: using defaults.
16:49:03.507 [Test worker] INFO org.springframework.boot.test.context.SpringBootTestContextBootstrapper - Loaded default TestExecutionListener class names from location [META-INF/spring.factories]: [org.springframework.boot.test.autoconfigure.restdocs.RestDocsTestExecutionListener, org.springframework.boot.test.autoconfigure.web.client.MockRestServiceServerResetTestExecutionListener, org.springframework.boot.test.autoconfigure.web.servlet.MockMvcPrintOnlyOnFailureTestExecutionListener, org.springframework.boot.test.autoconfigure.web.servlet.WebDriverTestExecutionListener, org.springframework.boot.test.mock.mockito.MockitoTestExecutionListener, org.springframework.boot.test.mock.mockito.ResetMocksTestExecutionListener, org.springframework.test.context.web.ServletTestExecutionListener, org.springframework.test.context.support.DirtiesContextBeforeModesTestExecutionListener, org.springframework.test.context.support.DependencyInjectionTestExecutionListener, org.springframework.test.context.support.DirtiesContextTestExecutionListener, org.springframework.test.context.transaction.TransactionalTestExecutionListener, org.springframework.test.context.jdbc.SqlScriptsTestExecutionListener]
16:49:03.522 [Test worker] INFO org.springframework.boot.test.context.SpringBootTestContextBootstrapper - Using TestExecutionListeners: [org.springframework.test.context.web.ServletTestExecutionListener@6c5e0931, org.springframework.test.context.support.DirtiesContextBeforeModesTestExecutionListener@4dd06f0, org.springframework.boot.test.mock.mockito.MockitoTestExecutionListener@16bdfbb4, org.springframework.boot.test.autoconfigure.SpringBootDependencyInjectionTestExecutionListener@2b712a0f, org.springframework.test.context.support.DirtiesContextTestExecutionListener@37fab9d1, org.springframework.test.context.transaction.TransactionalTestExecutionListener@5bfcc358, org.springframework.test.context.jdbc.SqlScriptsTestExecutionListener@22e5f3c8, org.springframework.boot.test.autoconfigure.restdocs.RestDocsTestExecutionListener@6684c9, org.springframework.boot.test.autoconfigure.web.client.MockRestServiceServerResetTestExecutionListener@62309125, org.springframework.boot.test.autoconfigure.web.servlet.MockMvcPrintOnlyOnFailureTestExecutionListener@5f6b6838, org.springframework.boot.test.autoconfigure.web.servlet.WebDriverTestExecutionListener@521dabae, org.springframework.boot.test.mock.mockito.ResetMocksTestExecutionListener@66e92de8]
16:49:03.526 [Test worker] DEBUG org.springframework.test.annotation.ProfileValueUtils - Retrieved @ProfileValueSourceConfiguration [null] for test class [springboot.web.PostsApiControllerTest]
16:49:03.526 [Test worker] DEBUG org.springframework.test.annotation.ProfileValueUtils - Retrieved ProfileValueSource type [class org.springframework.test.annotation.SystemProfileValueSource] for class [springboot.web.PostsApiControllerTest]
16:49:03.529 [Test worker] DEBUG org.springframework.test.annotation.ProfileValueUtils - Retrieved @ProfileValueSourceConfiguration [null] for test class [springboot.web.PostsApiControllerTest]
16:49:03.529 [Test worker] DEBUG org.springframework.test.annotation.ProfileValueUtils - Retrieved ProfileValueSource type [class org.springframework.test.annotation.SystemProfileValueSource] for class [springboot.web.PostsApiControllerTest]
16:49:03.529 [Test worker] DEBUG org.springframework.test.annotation.ProfileValueUtils - Retrieved @ProfileValueSourceConfiguration [null] for test class [springboot.web.PostsApiControllerTest]
16:49:03.529 [Test worker] DEBUG org.springframework.test.annotation.ProfileValueUtils - Retrieved ProfileValueSource type [class org.springframework.test.annotation.SystemProfileValueSource] for class [springboot.web.PostsApiControllerTest]
16:49:03.532 [Test worker] DEBUG org.springframework.test.context.support.AbstractDirtiesContextTestExecutionListener - Before test class: context [DefaultTestContext@9a8bbc8 testClass = PostsApiControllerTest, testInstance = [null], testMethod = [null], testException = [null], mergedContextConfiguration = [WebMergedContextConfiguration@509c3034 testClass = PostsApiControllerTest, locations = '{}', classes = '{class springboot.Application}', contextInitializerClasses = '[]', activeProfiles = '{}', propertySourceLocations = '{}', propertySourceProperties = '{org.springframework.boot.test.context.SpringBootTestContextBootstrapper=true, server.port=0}', contextCustomizers = set[org.springframework.boot.test.autoconfigure.properties.PropertyMappingContextCustomizer@0, org.springframework.boot.test.autoconfigure.web.servlet.WebDriverContextCustomizerFactory$Customizer@7fb898b0, org.springframework.boot.test.context.filter.ExcludeFilterContextCustomizer@383fad, org.springframework.boot.test.json.DuplicateJsonObjectContextCustomizerFactory$DuplicateJsonObjectContextCustomizer@4c8b9e56, org.springframework.boot.test.mock.mockito.MockitoContextCustomizer@0, org.springframework.boot.test.web.client.TestRestTemplateContextCustomizer@3c31e218], resourceBasePath = 'src/main/webapp', contextLoader = 'org.springframework.boot.test.context.SpringBootContextLoader', parent = [null]], attributes = map['org.springframework.test.context.web.ServletTestExecutionListener.activateListener' -> false]], class annotated with @DirtiesContext [false] with mode [null].
16:49:03.533 [Test worker] DEBUG org.springframework.test.annotation.ProfileValueUtils - Retrieved @ProfileValueSourceConfiguration [null] for test class [springboot.web.PostsApiControllerTest]
16:49:03.533 [Test worker] DEBUG org.springframework.test.annotation.ProfileValueUtils - Retrieved ProfileValueSource type [class org.springframework.test.annotation.SystemProfileValueSource] for class [springboot.web.PostsApiControllerTest]
16:49:03.538 [Test worker] DEBUG org.springframework.test.context.support.DependencyInjectionTestExecutionListener - Performing dependency injection for test context [[DefaultTestContext@9a8bbc8 testClass = PostsApiControllerTest, testInstance = springboot.web.PostsApiControllerTest@70dff176, testMethod = [null], testException = [null], mergedContextConfiguration = [WebMergedContextConfiguration@509c3034 testClass = PostsApiControllerTest, locations = '{}', classes = '{class springboot.Application}', contextInitializerClasses = '[]', activeProfiles = '{}', propertySourceLocations = '{}', propertySourceProperties = '{org.springframework.boot.test.context.SpringBootTestContextBootstrapper=true, server.port=0}', contextCustomizers = set[org.springframework.boot.test.autoconfigure.properties.PropertyMappingContextCustomizer@0, org.springframework.boot.test.autoconfigure.web.servlet.WebDriverContextCustomizerFactory$Customizer@7fb898b0, org.springframework.boot.test.context.filter.ExcludeFilterContextCustomizer@383fad, org.springframework.boot.test.json.DuplicateJsonObjectContextCustomizerFactory$DuplicateJsonObjectContextCustomizer@4c8b9e56, org.springframework.boot.test.mock.mockito.MockitoContextCustomizer@0, org.springframework.boot.test.web.client.TestRestTemplateContextCustomizer@3c31e218], resourceBasePath = 'src/main/webapp', contextLoader = 'org.springframework.boot.test.context.SpringBootContextLoader', parent = [null]], attributes = map['org.springframework.test.context.web.ServletTestExecutionListener.activateListener' -> false]]].
16:49:03.557 [Test worker] DEBUG org.springframework.test.context.support.TestPropertySourceUtils - Adding inlined properties to environment: {spring.jmx.enabled=false, org.springframework.boot.test.context.SpringBootTestContextBootstrapper=true, server.port=0}

  .   ____          _            __ _ _
 /\\ / ___'_ __ _ _(_)_ __  __ _ \ \ \ \
( ( )\___ | '_ | '_| | '_ \/ _` | \ \ \ \
 \\/  ___)| |_)| | | | | || (_| |  ) ) ) )
  '  |____| .__|_| |_|_| |_\__, | / / / /
 =========|_|==============|___/=/_/_/_/
 :: Spring Boot ::        (v2.1.7.RELEASE)

2021-01-06 16:49:03.778  INFO 10156 --- [    Test worker] springboot.web.PostsApiControllerTest    : Starting PostsApiControllerTest on 국승현-PC with PID 10156 (started by anylogic in D:\test)
2021-01-06 16:49:03.779  INFO 10156 --- [    Test worker] springboot.web.PostsApiControllerTest    : No active profile set, falling back to default profiles: default
2021-01-06 16:49:04.255  INFO 10156 --- [    Test worker] .s.d.r.c.RepositoryConfigurationDelegate : Bootstrapping Spring Data repositories in DEFAULT mode.
2021-01-06 16:49:04.326  INFO 10156 --- [    Test worker] .s.d.r.c.RepositoryConfigurationDelegate : Finished Spring Data repository scanning in 61ms. Found 1 repository interfaces.
2021-01-06 16:49:04.618  INFO 10156 --- [    Test worker] trationDelegate$BeanPostProcessorChecker : Bean 'org.springframework.transaction.annotation.ProxyTransactionManagementConfiguration' of type [org.springframework.transaction.annotation.ProxyTransactionManagementConfiguration$$EnhancerBySpringCGLIB$$fe05446e] is not eligible for getting processed by all BeanPostProcessors (for example: not eligible for auto-proxying)
2021-01-06 16:49:04.966  INFO 10156 --- [    Test worker] o.s.b.w.embedded.tomcat.TomcatWebServer  : Tomcat initialized with port(s): 0 (http)
2021-01-06 16:49:04.991  INFO 10156 --- [    Test worker] o.apache.catalina.core.StandardService   : Starting service [Tomcat]
2021-01-06 16:49:04.992  INFO 10156 --- [    Test worker] org.apache.catalina.core.StandardEngine  : Starting Servlet engine: [Apache Tomcat/9.0.22]
2021-01-06 16:49:05.118  INFO 10156 --- [    Test worker] o.a.c.c.C.[Tomcat].[localhost].[/]       : Initializing Spring embedded WebApplicationContext
2021-01-06 16:49:05.119  INFO 10156 --- [    Test worker] o.s.web.context.ContextLoader            : Root WebApplicationContext: initialization completed in 1323 ms
2021-01-06 16:49:05.332  INFO 10156 --- [    Test worker] com.zaxxer.hikari.HikariDataSource       : HikariPool-1 - Starting...
2021-01-06 16:49:05.468  INFO 10156 --- [    Test worker] com.zaxxer.hikari.HikariDataSource       : HikariPool-1 - Start completed.
2021-01-06 16:49:05.539  INFO 10156 --- [    Test worker] o.hibernate.jpa.internal.util.LogHelper  : HHH000204: Processing PersistenceUnitInfo [
	name: default
	...]
2021-01-06 16:49:05.608  INFO 10156 --- [    Test worker] org.hibernate.Version                    : HHH000412: Hibernate Core {5.3.10.Final}
2021-01-06 16:49:05.609  INFO 10156 --- [    Test worker] org.hibernate.cfg.Environment            : HHH000206: hibernate.properties not found
2021-01-06 16:49:05.773  INFO 10156 --- [    Test worker] o.hibernate.annotations.common.Version   : HCANN000001: Hibernate Commons Annotations {5.0.4.Final}
2021-01-06 16:49:05.928  INFO 10156 --- [    Test worker] org.hibernate.dialect.Dialect            : HHH000400: Using dialect: org.hibernate.dialect.MySQL5InnoDBDialect
Hibernate: drop table if exists posts
Hibernate: create table posts (id bigint not null auto_increment, author varchar(255), content TEXT not null, title varchar(500) not null, primary key (id)) engine=InnoDB
2021-01-06 16:49:06.458  INFO 10156 --- [    Test worker] o.h.t.schema.internal.SchemaCreatorImpl  : HHH000476: Executing import script 'org.hibernate.tool.schema.internal.exec.ScriptSourceInputNonExistentImpl@570f7f3c'
2021-01-06 16:49:06.461  INFO 10156 --- [    Test worker] j.LocalContainerEntityManagerFactoryBean : Initialized JPA EntityManagerFactory for persistence unit 'default'
2021-01-06 16:49:07.151  INFO 10156 --- [    Test worker] o.s.s.concurrent.ThreadPoolTaskExecutor  : Initializing ExecutorService 'applicationTaskExecutor'
2021-01-06 16:49:07.198  WARN 10156 --- [    Test worker] aWebConfiguration$JpaWebMvcConfiguration : spring.jpa.open-in-view is enabled by default. Therefore, database queries may be performed during view rendering. Explicitly configure spring.jpa.open-in-view to disable this warning
2021-01-06 16:49:07.505  INFO 10156 --- [    Test worker] o.s.b.w.embedded.tomcat.TomcatWebServer  : Tomcat started on port(s): 54160 (http) with context path ''
2021-01-06 16:49:07.506  INFO 10156 --- [    Test worker] springboot.web.PostsApiControllerTest    : Started PostsApiControllerTest in 3.947 seconds (JVM running for 5.336)
2021-01-06 16:49:07.694  INFO 10156 --- [o-auto-1-exec-1] o.a.c.c.C.[Tomcat].[localhost].[/]       : Initializing Spring DispatcherServlet 'dispatcherServlet'
2021-01-06 16:49:07.695  INFO 10156 --- [o-auto-1-exec-1] o.s.web.servlet.DispatcherServlet        : Initializing Servlet 'dispatcherServlet'
2021-01-06 16:49:07.716  INFO 10156 --- [o-auto-1-exec-1] o.s.web.servlet.DispatcherServlet        : Completed initialization in 21 ms
Hibernate: insert into posts (author, content, title) values (?, ?, ?)
2021-01-06 16:49:07.909  INFO 10156 --- [    Test worker] o.h.h.i.QueryTranslatorFactoryInitiator  : HHH000397: Using ASTQueryTranslatorFactory
Hibernate: select posts0_.id as id1_0_, posts0_.author as author2_0_, posts0_.content as content3_0_, posts0_.title as title4_0_ from posts posts0_
Hibernate: select posts0_.id as id1_0_, posts0_.author as author2_0_, posts0_.content as content3_0_, posts0_.title as title4_0_ from posts posts0_
Hibernate: delete from posts where id=?
]]></system-out>
  <system-err><![CDATA[]]></system-err>
</testsuite>
